1665736047423	geckodriver	INFO	Listening on 127.0.0.1:49626
1665736047929	mozrunner::runner	INFO	Running command: "/Applications/Firefox.app/Contents/MacOS/firefox-bin" "--marionette" "--remote-debugging-port" "49627" "--remote-allow-hosts" "localhost" "-foreground" "-no-remote" "-profile" "/var/folders/kz/nks8xfkn3xnfpwyxkbwvwxy40000gn/T/rust_mozprofileiNbVnL"
1665736051828	Marionette	INFO	Marionette enabled
2022-10-14 10:27:31.833 plugin-container[1082:16525] nil host used in call to allowsSpecificHTTPSCertificateForHost
2022-10-14 10:27:31.834 plugin-container[1082:16525] nil host used in call to allowsAnyHTTPSCertificateForHost:
2022-10-14 10:27:31.838 plugin-container[1082:16525] nil host used in call to allowsSpecificHTTPSCertificateForHost
2022-10-14 10:27:31.838 plugin-container[1082:16525] nil host used in call to allowsAnyHTTPSCertificateForHost:
2022-10-14 10:27:31.838 plugin-container[1082:16552] nil host used in call to allowsSpecificHTTPSCertificateForHost
2022-10-14 10:27:31.839 plugin-container[1082:16552] nil host used in call to allowsAnyHTTPSCertificateForHost:
1665736051877	Marionette	INFO	Listening on port 49638
Read port: 49638
WebDriver BiDi listening on ws://127.0.0.1:49627
1665736052085	RemoteAgent	WARN	TLS certificate errors will be ignored for this session
console.warn: SearchSettings: "get: No settings file exists, new profile?" (new NotFoundError("Could not open the file at /var/folders/kz/nks8xfkn3xnfpwyxkbwvwxy40000gn/T/rust_mozprofileiNbVnL/search.json.mozlz4", (void 0)))
DevTools listening on ws://127.0.0.1:49627/devtools/browser/fe21aff9-d950-4c2a-8c95-e9908ee65fd5
JavaScript error: https://phiture.com/wp-content/plugins/contact-form-7/modules/recaptcha/index.js?ver=5.6.3, line 1: ReferenceError: grecaptcha is not defined
2022-10-14 10:28:18.326 firefox-bin[1081:16400] TSM AdjustCapsLockLEDForKeyTransitionHandling - _ISSetPhysicalKeyboardCapsLockLED Inhibit
1665736134815	geckodriver	INFO	Listening on 127.0.0.1:49729
1665736134822	mozrunner::runner	INFO	Running command: "/Applications/Firefox.app/Contents/MacOS/firefox-bin" "--marionette" "--remote-debugging-port" "49730" "--remote-allow-hosts" "localhost" "-foreground" "-no-remote" "-profile" "/var/folders/kz/nks8xfkn3xnfpwyxkbwvwxy40000gn/T/rust_mozprofileFY5Shn"
2022-10-14 10:28:55.319 plugin-container[1103:17582] nil host used in call to allowsSpecificHTTPSCertificateForHost
2022-10-14 10:28:55.319 plugin-container[1103:17582] nil host used in call to allowsAnyHTTPSCertificateForHost:
2022-10-14 10:28:55.324 plugin-container[1103:17582] nil host used in call to allowsSpecificHTTPSCertificateForHost
2022-10-14 10:28:55.324 plugin-container[1103:17582] nil host used in call to allowsAnyHTTPSCertificateForHost:
2022-10-14 10:28:55.324 plugin-container[1103:17588] nil host used in call to allowsSpecificHTTPSCertificateForHost
2022-10-14 10:28:55.324 plugin-container[1103:17588] nil host used in call to allowsAnyHTTPSCertificateForHost:
1665736135335	Marionette	INFO	Marionette enabled
1665736135374	Marionette	INFO	Listening on port 49735
Read port: 49735
WebDriver BiDi listening on ws://127.0.0.1:49730
1665736135716	RemoteAgent	WARN	TLS certificate errors will be ignored for this session
console.warn: SearchSettings: "get: No settings file exists, new profile?" (new NotFoundError("Could not open the file at /var/folders/kz/nks8xfkn3xnfpwyxkbwvwxy40000gn/T/rust_mozprofileFY5Shn/search.json.mozlz4", (void 0)))
DevTools listening on ws://127.0.0.1:49730/devtools/browser/549a0e52-c9af-4f70-8deb-80a86d165a1b
1665736139529	Marionette	INFO	Stopped listening on port 49638
JavaScript error: , line 0: NotFoundError: No such JSWindowActor 'DevToolsFrame'
JavaScript error: , line 0: NotFoundError: No such JSWindowActor 'DevToolsFrame'
JavaScript error: , line 0: NotFoundError: No such JSWindowActor 'DevToolsFrame'
JavaScript error: resource://gre/modules/Sqlite.jsm, line 1108: Error: Sqlite.jsm has been shutdown. Cannot open connection to: /var/folders/kz/nks8xfkn3xnfpwyxkbwvwxy40000gn/T/rust_mozprofileiNbVnL/protections.sqlite
1665736146000	Marionette	INFO	Stopped listening on port 49735
JavaScript error: resource://gre/modules/ContentPrefServiceParent.jsm, line 123: InvalidStateError: JSProcessActorParent.sendAsyncMessage: Actor 'ContentPrefs' cannot send message 'ContentPrefs:HandleCompletion' during shutdown.
1665736249865	geckodriver	INFO	Listening on 127.0.0.1:49998
1665736249880	mozrunner::runner	INFO	Running command: "/Applications/Firefox.app/Contents/MacOS/firefox-bin" "--marionette" "--remote-debugging-port" "49999" "--remote-allow-hosts" "localhost" "-foreground" "-no-remote" "-profile" "/var/folders/kz/nks8xfkn3xnfpwyxkbwvwxy40000gn/T/rust_mozprofileAsAMpi"
2022-10-14 10:30:50.341 plugin-container[1162:19189] nil host used in call to allowsSpecificHTTPSCertificateForHost
2022-10-14 10:30:50.342 plugin-container[1162:19189] nil host used in call to allowsAnyHTTPSCertificateForHost:
2022-10-14 10:30:50.347 plugin-container[1162:19189] nil host used in call to allowsSpecificHTTPSCertificateForHost
2022-10-14 10:30:50.347 plugin-container[1162:19189] nil host used in call to allowsAnyHTTPSCertificateForHost:
2022-10-14 10:30:50.347 plugin-container[1162:19217] nil host used in call to allowsSpecificHTTPSCertificateForHost
2022-10-14 10:30:50.347 plugin-container[1162:19217] nil host used in call to allowsAnyHTTPSCertificateForHost:
1665736250355	Marionette	INFO	Marionette enabled
1665736250392	Marionette	INFO	Listening on port 50004
Read port: 50004
WebDriver BiDi listening on ws://127.0.0.1:49999
1665736250724	RemoteAgent	WARN	TLS certificate errors will be ignored for this session
console.warn: SearchSettings: "get: No settings file exists, new profile?" (new NotFoundError("Could not open the file at /var/folders/kz/nks8xfkn3xnfpwyxkbwvwxy40000gn/T/rust_mozprofileAsAMpi/search.json.mozlz4", (void 0)))
DevTools listening on ws://127.0.0.1:49999/devtools/browser/5491b13f-09d2-46d6-8b98-7e5dfc53f434
2022-10-14 10:31:40.709 firefox-bin[1161:19108] TSM AdjustCapsLockLEDForKeyTransitionHandling - _ISSetPhysicalKeyboardCapsLockLED Inhibit
Exiting due to channel error.
Exiting due to channel error.
Exiting due to channel error.
1665736786786	geckodriver	INFO	Listening on 127.0.0.1:50211
1665736786796	mozrunner::runner	INFO	Running command: "/Applications/Firefox.app/Contents/MacOS/firefox-bin" "--marionette" "--remote-debugging-port" "50212" "--remote-allow-hosts" "localhost" "-foreground" "-no-remote" "-profile" "/var/folders/kz/nks8xfkn3xnfpwyxkbwvwxy40000gn/T/rust_mozprofileAffuZM"
2022-10-14 10:39:47.269 plugin-container[1334:24093] nil host used in call to allowsSpecificHTTPSCertificateForHost
2022-10-14 10:39:47.269 plugin-container[1334:24093] nil host used in call to allowsAnyHTTPSCertificateForHost:
2022-10-14 10:39:47.274 plugin-container[1334:24093] nil host used in call to allowsSpecificHTTPSCertificateForHost
2022-10-14 10:39:47.274 plugin-container[1334:24093] nil host used in call to allowsAnyHTTPSCertificateForHost:
2022-10-14 10:39:47.274 plugin-container[1334:24095] nil host used in call to allowsSpecificHTTPSCertificateForHost
2022-10-14 10:39:47.274 plugin-container[1334:24095] nil host used in call to allowsAnyHTTPSCertificateForHost:
1665736787282	Marionette	INFO	Marionette enabled
1665736787315	Marionette	INFO	Listening on port 50217
Read port: 50217
WebDriver BiDi listening on ws://127.0.0.1:50212
1665736787637	RemoteAgent	WARN	TLS certificate errors will be ignored for this session
console.warn: SearchSettings: "get: No settings file exists, new profile?" (new NotFoundError("Could not open the file at /var/folders/kz/nks8xfkn3xnfpwyxkbwvwxy40000gn/T/rust_mozprofileAffuZM/search.json.mozlz4", (void 0)))
DevTools listening on ws://127.0.0.1:50212/devtools/browser/17856a45-1fe8-43cc-93bf-050b114c0116
2022-10-14 10:44:10.544 firefox-bin[1333:24026] TSM AdjustCapsLockLEDForKeyTransitionHandling - _ISSetPhysicalKeyboardCapsLockLED Inhibit
Exiting due to channel error.
Exiting due to channel error.
[GFX1-]: Receive IPC close with reason=AbnormalShutdown
Exiting due to channel error.
1665737250070	geckodriver	INFO	Listening on 127.0.0.1:50432
1665737250082	mozrunner::runner	INFO	Running command: "/Applications/Firefox.app/Contents/MacOS/firefox-bin" "--marionette" "--remote-debugging-port" "50433" "--remote-allow-hosts" "localhost" "-foreground" "-no-remote" "-profile" "/var/folders/kz/nks8xfkn3xnfpwyxkbwvwxy40000gn/T/rust_mozprofileFxQEjt"
2022-10-14 10:47:30.606 plugin-container[1421:28446] nil host used in call to allowsSpecificHTTPSCertificateForHost
2022-10-14 10:47:30.606 plugin-container[1421:28446] nil host used in call to allowsAnyHTTPSCertificateForHost:
2022-10-14 10:47:30.610 plugin-container[1421:28446] nil host used in call to allowsSpecificHTTPSCertificateForHost
2022-10-14 10:47:30.610 plugin-container[1421:28446] nil host used in call to allowsAnyHTTPSCertificateForHost:
2022-10-14 10:47:30.610 plugin-container[1421:28452] nil host used in call to allowsSpecificHTTPSCertificateForHost
2022-10-14 10:47:30.610 plugin-container[1421:28452] nil host used in call to allowsAnyHTTPSCertificateForHost:
1665737250620	Marionette	INFO	Marionette enabled
1665737250652	Marionette	INFO	Listening on port 50438
Read port: 50438
WebDriver BiDi listening on ws://127.0.0.1:50433
1665737250948	RemoteAgent	WARN	TLS certificate errors will be ignored for this session
console.warn: SearchSettings: "get: No settings file exists, new profile?" (new NotFoundError("Could not open the file at /var/folders/kz/nks8xfkn3xnfpwyxkbwvwxy40000gn/T/rust_mozprofileFxQEjt/search.json.mozlz4", (void 0)))
DevTools listening on ws://127.0.0.1:50433/devtools/browser/7a79dc61-139e-494e-b62d-87642b66ff25
Exiting due to channel error.
Exiting due to channel error.
Exiting due to channel error.
1665737284759	geckodriver	INFO	Listening on 127.0.0.1:50575
1665737284770	mozrunner::runner	INFO	Running command: "/Applications/Firefox.app/Contents/MacOS/firefox-bin" "--marionette" "--remote-debugging-port" "50576" "--remote-allow-hosts" "localhost" "-foreground" "-no-remote" "-profile" "/var/folders/kz/nks8xfkn3xnfpwyxkbwvwxy40000gn/T/rust_mozprofileWpiSEG"
2022-10-14 10:48:05.218 plugin-container[1436:29133] nil host used in call to allowsSpecificHTTPSCertificateForHost
2022-10-14 10:48:05.218 plugin-container[1436:29133] nil host used in call to allowsAnyHTTPSCertificateForHost:
2022-10-14 10:48:05.223 plugin-container[1436:29133] nil host used in call to allowsSpecificHTTPSCertificateForHost
2022-10-14 10:48:05.223 plugin-container[1436:29133] nil host used in call to allowsAnyHTTPSCertificateForHost:
2022-10-14 10:48:05.223 plugin-container[1436:29143] nil host used in call to allowsSpecificHTTPSCertificateForHost
2022-10-14 10:48:05.223 plugin-container[1436:29143] nil host used in call to allowsAnyHTTPSCertificateForHost:
1665737285236	Marionette	INFO	Marionette enabled
1665737285272	Marionette	INFO	Listening on port 50579
Read port: 50579
WebDriver BiDi listening on ws://127.0.0.1:50576
1665737285613	RemoteAgent	WARN	TLS certificate errors will be ignored for this session
console.warn: SearchSettings: "get: No settings file exists, new profile?" (new NotFoundError("Could not open the file at /var/folders/kz/nks8xfkn3xnfpwyxkbwvwxy40000gn/T/rust_mozprofileWpiSEG/search.json.mozlz4", (void 0)))
DevTools listening on ws://127.0.0.1:50576/devtools/browser/4d68b4ad-9a14-4299-b959-728b261868cd
2022-10-14 10:57:20.116 firefox-bin[1435:29080] TSM AdjustCapsLockLEDForKeyTransitionHandling - _ISSetPhysicalKeyboardCapsLockLED Inhibit
Exiting due to channel error.
[GFX1-]: Receive IPC close with reason=AbnormalShutdown
[GFX1-]: Receive IPC close with reason=AbnormalShutdown
Exiting due to channel error.
Exiting due to channel error.
1665739762752	geckodriver	INFO	Listening on 127.0.0.1:50839
1665739762765	mozrunner::runner	INFO	Running command: "/Applications/Firefox.app/Contents/MacOS/firefox-bin" "--marionette" "--remote-debugging-port" "50840" "--remote-allow-hosts" "localhost" "-foreground" "-no-remote" "-profile" "/var/folders/kz/nks8xfkn3xnfpwyxkbwvwxy40000gn/T/rust_mozprofileBxYypI"
2022-10-14 11:29:23.229 plugin-container[1874:49027] nil host used in call to allowsSpecificHTTPSCertificateForHost
2022-10-14 11:29:23.229 plugin-container[1874:49027] nil host used in call to allowsAnyHTTPSCertificateForHost:
2022-10-14 11:29:23.233 plugin-container[1874:49027] nil host used in call to allowsSpecificHTTPSCertificateForHost
2022-10-14 11:29:23.233 plugin-container[1874:49027] nil host used in call to allowsAnyHTTPSCertificateForHost:
2022-10-14 11:29:23.233 plugin-container[1874:49032] nil host used in call to allowsSpecificHTTPSCertificateForHost
2022-10-14 11:29:23.233 plugin-container[1874:49032] nil host used in call to allowsAnyHTTPSCertificateForHost:
1665739763245	Marionette	INFO	Marionette enabled
1665739763283	Marionette	INFO	Listening on port 50843
Read port: 50843
WebDriver BiDi listening on ws://127.0.0.1:50840
1665739763488	RemoteAgent	WARN	TLS certificate errors will be ignored for this session
console.warn: SearchSettings: "get: No settings file exists, new profile?" (new NotFoundError("Could not open the file at /var/folders/kz/nks8xfkn3xnfpwyxkbwvwxy40000gn/T/rust_mozprofileBxYypI/search.json.mozlz4", (void 0)))
DevTools listening on ws://127.0.0.1:50840/devtools/browser/821bc9d5-d7fa-423e-8903-69f179f16669
2022-10-14 11:29:57.455 firefox-bin[1872:48959] TSM AdjustCapsLockLEDForKeyTransitionHandling - _ISSetPhysicalKeyboardCapsLockLED Inhibit
console.warn: LoginRecipes: "Falling back to a synchronous message for: https://phiture.com."
console.warn: "Listener for event 'frame' did not return a promise."
console.warn: "Listener for event 'frame' did not return a promise."
console.warn: "Listener for event 'frame' did not return a promise."
Exiting due to channel error.
Exiting due to channel error.
Exiting due to channel error.
1665743681473	geckodriver	INFO	Listening on 127.0.0.1:51162
1665743681895	mozrunner::runner	INFO	Running command: "/Applications/Firefox.app/Contents/MacOS/firefox-bin" "--marionette" "--remote-debugging-port" "51163" "--remote-allow-hosts" "localhost" "-foreground" "-no-remote" "-profile" "/var/folders/kz/nks8xfkn3xnfpwyxkbwvwxy40000gn/T/rust_mozprofiles3TGq6"
2022-10-14 12:34:42.436 plugin-container[2844:76613] nil host used in call to allowsSpecificHTTPSCertificateForHost
2022-10-14 12:34:42.437 plugin-container[2844:76613] nil host used in call to allowsAnyHTTPSCertificateForHost:
2022-10-14 12:34:42.441 plugin-container[2844:76613] nil host used in call to allowsSpecificHTTPSCertificateForHost
2022-10-14 12:34:42.441 plugin-container[2844:76613] nil host used in call to allowsAnyHTTPSCertificateForHost:
2022-10-14 12:34:42.441 plugin-container[2844:76615] nil host used in call to allowsSpecificHTTPSCertificateForHost
2022-10-14 12:34:42.441 plugin-container[2844:76615] nil host used in call to allowsAnyHTTPSCertificateForHost:
1665743682458	Marionette	INFO	Marionette enabled
1665743682500	Marionette	INFO	Listening on port 51168
Read port: 51168
WebDriver BiDi listening on ws://127.0.0.1:51163
1665743682757	RemoteAgent	WARN	TLS certificate errors will be ignored for this session
console.warn: SearchSettings: "get: No settings file exists, new profile?" (new NotFoundError("Could not open the file at /var/folders/kz/nks8xfkn3xnfpwyxkbwvwxy40000gn/T/rust_mozprofiles3TGq6/search.json.mozlz4", (void 0)))
DevTools listening on ws://127.0.0.1:51163/devtools/browser/d177117d-362c-4887-b193-0ee00edf190d
JavaScript error: https://phiture.com/wp-content/plugins/contact-form-7/modules/recaptcha/index.js?ver=5.6.3, line 1: ReferenceError: grecaptcha is not defined
Exiting due to channel error.
Exiting due to channel error.
[GFX1-]: Receive IPC close with reason=AbnormalShutdown
Exiting due to channel error.
1665758297168	geckodriver	INFO	Listening on 127.0.0.1:63511
1665758297568	mozrunner::runner	INFO	Running command: "/Applications/Firefox.app/Contents/MacOS/firefox-bin" "--marionette" "--remote-debugging-port" "63512" "--remote-allow-hosts" "localhost" "-foreground" "-no-remote" "-profile" "/var/folders/kz/nks8xfkn3xnfpwyxkbwvwxy40000gn/T/rust_mozprofileoGYyZR"
2022-10-14 16:38:18.189 plugin-container[5379:162427] nil host used in call to allowsSpecificHTTPSCertificateForHost
2022-10-14 16:38:18.189 plugin-container[5379:162427] nil host used in call to allowsAnyHTTPSCertificateForHost:
1665758298196	Marionette	INFO	Marionette enabled
2022-10-14 16:38:18.216 plugin-container[5379:162427] nil host used in call to allowsSpecificHTTPSCertificateForHost
2022-10-14 16:38:18.216 plugin-container[5379:162427] nil host used in call to allowsAnyHTTPSCertificateForHost:
2022-10-14 16:38:18.216 plugin-container[5379:162433] nil host used in call to allowsSpecificHTTPSCertificateForHost
2022-10-14 16:38:18.216 plugin-container[5379:162433] nil host used in call to allowsAnyHTTPSCertificateForHost:
1665758298245	Marionette	INFO	Listening on port 63517
Read port: 63517
WebDriver BiDi listening on ws://127.0.0.1:63512
1665758298434	RemoteAgent	WARN	TLS certificate errors will be ignored for this session
console.warn: SearchSettings: "get: No settings file exists, new profile?" (new NotFoundError("Could not open the file at /var/folders/kz/nks8xfkn3xnfpwyxkbwvwxy40000gn/T/rust_mozprofileoGYyZR/search.json.mozlz4", (void 0)))
DevTools listening on ws://127.0.0.1:63512/devtools/browser/79c2e527-77c1-4478-a7fe-7e1a658f2d83
JavaScript error: resource://gre/modules/URIFixup.jsm, line 307: NS_ERROR_FAILURE: Should pass a non-null uri
Exiting due to channel error.
Exiting due to channel error.
Exiting due to channel error.
1665758552634	geckodriver	INFO	Listening on 127.0.0.1:63717
1665758552649	mozrunner::runner	INFO	Running command: "/Applications/Firefox.app/Contents/MacOS/firefox-bin" "--marionette" "--remote-debugging-port" "63718" "--remote-allow-hosts" "localhost" "-foreground" "-no-remote" "-profile" "/var/folders/kz/nks8xfkn3xnfpwyxkbwvwxy40000gn/T/rust_mozprofile5ARJXt"
2022-10-14 16:42:33.142 plugin-container[5437:165445] nil host used in call to allowsSpecificHTTPSCertificateForHost
2022-10-14 16:42:33.143 plugin-container[5437:165445] nil host used in call to allowsAnyHTTPSCertificateForHost:
2022-10-14 16:42:33.150 plugin-container[5437:165445] nil host used in call to allowsSpecificHTTPSCertificateForHost
2022-10-14 16:42:33.150 plugin-container[5437:165445] nil host used in call to allowsAnyHTTPSCertificateForHost:
2022-10-14 16:42:33.150 plugin-container[5437:165450] nil host used in call to allowsSpecificHTTPSCertificateForHost
2022-10-14 16:42:33.150 plugin-container[5437:165450] nil host used in call to allowsAnyHTTPSCertificateForHost:
1665758553156	Marionette	INFO	Marionette enabled
1665758553190	Marionette	INFO	Listening on port 63721
Read port: 63721
WebDriver BiDi listening on ws://127.0.0.1:63718
1665758553494	RemoteAgent	WARN	TLS certificate errors will be ignored for this session
console.warn: SearchSettings: "get: No settings file exists, new profile?" (new NotFoundError("Could not open the file at /var/folders/kz/nks8xfkn3xnfpwyxkbwvwxy40000gn/T/rust_mozprofile5ARJXt/search.json.mozlz4", (void 0)))
DevTools listening on ws://127.0.0.1:63718/devtools/browser/89a50db1-ddef-420d-b21f-6a97b2777bda
JavaScript error: resource://gre/modules/URIFixup.jsm, line 307: NS_ERROR_FAILURE: Should pass a non-null uri
Exiting due to channel error.
Exiting due to channel error.
Exiting due to channel error.
1665758590169	geckodriver	INFO	Listening on 127.0.0.1:63881
1665758590183	mozrunner::runner	INFO	Running command: "/Applications/Firefox.app/Contents/MacOS/firefox-bin" "--marionette" "--remote-debugging-port" "63882" "--remote-allow-hosts" "localhost" "-foreground" "-no-remote" "-profile" "/var/folders/kz/nks8xfkn3xnfpwyxkbwvwxy40000gn/T/rust_mozprofileZ9qB8b"
2022-10-14 16:43:10.708 plugin-container[5471:166543] nil host used in call to allowsSpecificHTTPSCertificateForHost
2022-10-14 16:43:10.709 plugin-container[5471:166543] nil host used in call to allowsAnyHTTPSCertificateForHost:
2022-10-14 16:43:10.717 plugin-container[5471:166543] nil host used in call to allowsSpecificHTTPSCertificateForHost
2022-10-14 16:43:10.717 plugin-container[5471:166543] nil host used in call to allowsAnyHTTPSCertificateForHost:
2022-10-14 16:43:10.718 plugin-container[5471:166552] nil host used in call to allowsSpecificHTTPSCertificateForHost
2022-10-14 16:43:10.718 plugin-container[5471:166552] nil host used in call to allowsAnyHTTPSCertificateForHost:
1665758590721	Marionette	INFO	Marionette enabled
1665758590755	Marionette	INFO	Listening on port 63885
Read port: 63885
WebDriver BiDi listening on ws://127.0.0.1:63882
1665758591056	RemoteAgent	WARN	TLS certificate errors will be ignored for this session
console.warn: SearchSettings: "get: No settings file exists, new profile?" (new NotFoundError("Could not open the file at /var/folders/kz/nks8xfkn3xnfpwyxkbwvwxy40000gn/T/rust_mozprofileZ9qB8b/search.json.mozlz4", (void 0)))
DevTools listening on ws://127.0.0.1:63882/devtools/browser/ba092561-be30-4c37-99e0-2972b971997d
JavaScript error: resource://gre/modules/URIFixup.jsm, line 307: NS_ERROR_FAILURE: Should pass a non-null uri
Exiting due to channel error.
Exiting due to channel error.
Exiting due to channel error.
1665758625509	geckodriver	INFO	Listening on 127.0.0.1:64017
1665758625656	mozrunner::runner	INFO	Running command: "/Applications/Firefox.app/Contents/MacOS/firefox-bin" "--marionette" "--remote-debugging-port" "64018" "--remote-allow-hosts" "localhost" "-foreground" "-no-remote" "-profile" "/var/folders/kz/nks8xfkn3xnfpwyxkbwvwxy40000gn/T/rust_mozprofilePFuFDF"
2022-10-14 16:43:46.102 plugin-container[5489:167206] nil host used in call to allowsSpecificHTTPSCertificateForHost
2022-10-14 16:43:46.102 plugin-container[5489:167206] nil host used in call to allowsAnyHTTPSCertificateForHost:
1665758626114	Marionette	INFO	Marionette enabled
2022-10-14 16:43:46.145 plugin-container[5489:167206] nil host used in call to allowsSpecificHTTPSCertificateForHost
2022-10-14 16:43:46.145 plugin-container[5489:167206] nil host used in call to allowsAnyHTTPSCertificateForHost:
1665758626145	Marionette	INFO	Listening on port 64023
2022-10-14 16:43:46.145 plugin-container[5489:167211] nil host used in call to allowsSpecificHTTPSCertificateForHost
2022-10-14 16:43:46.145 plugin-container[5489:167211] nil host used in call to allowsAnyHTTPSCertificateForHost:
Read port: 64023
WebDriver BiDi listening on ws://127.0.0.1:64018
1665758626421	RemoteAgent	WARN	TLS certificate errors will be ignored for this session
console.warn: SearchSettings: "get: No settings file exists, new profile?" (new NotFoundError("Could not open the file at /var/folders/kz/nks8xfkn3xnfpwyxkbwvwxy40000gn/T/rust_mozprofilePFuFDF/search.json.mozlz4", (void 0)))
DevTools listening on ws://127.0.0.1:64018/devtools/browser/42c25400-1a78-4c1e-b585-66444c9b56ce
JavaScript error: resource://gre/modules/URIFixup.jsm, line 307: NS_ERROR_FAILURE: Should pass a non-null uri
JavaScript error: https://phiture.com/wp-content/plugins/contact-form-7/modules/recaptcha/index.js?ver=5.6.3, line 1: ReferenceError: grecaptcha is not defined
Exiting due to channel error.
Exiting due to channel error.
[GFX1-]: Receive IPC close with reason=AbnormalShutdown
Exiting due to channel error.
1665758638880	geckodriver	INFO	Listening on 127.0.0.1:64313
1665758638891	mozrunner::runner	INFO	Running command: "/Applications/Firefox.app/Contents/MacOS/firefox-bin" "--marionette" "--remote-debugging-port" "64314" "--remote-allow-hosts" "localhost" "-foreground" "-no-remote" "-profile" "/var/folders/kz/nks8xfkn3xnfpwyxkbwvwxy40000gn/T/rust_mozprofileZlbkvD"
2022-10-14 16:43:59.339 plugin-container[5498:167591] nil host used in call to allowsSpecificHTTPSCertificateForHost
2022-10-14 16:43:59.339 plugin-container[5498:167591] nil host used in call to allowsAnyHTTPSCertificateForHost:
2022-10-14 16:43:59.343 plugin-container[5498:167591] nil host used in call to allowsSpecificHTTPSCertificateForHost
2022-10-14 16:43:59.343 plugin-container[5498:167591] nil host used in call to allowsAnyHTTPSCertificateForHost:
2022-10-14 16:43:59.343 plugin-container[5498:167598] nil host used in call to allowsSpecificHTTPSCertificateForHost
2022-10-14 16:43:59.343 plugin-container[5498:167598] nil host used in call to allowsAnyHTTPSCertificateForHost:
1665758639353	Marionette	INFO	Marionette enabled
1665758639386	Marionette	INFO	Listening on port 64317
Read port: 64317
WebDriver BiDi listening on ws://127.0.0.1:64314
1665758639669	RemoteAgent	WARN	TLS certificate errors will be ignored for this session
console.warn: SearchSettings: "get: No settings file exists, new profile?" (new NotFoundError("Could not open the file at /var/folders/kz/nks8xfkn3xnfpwyxkbwvwxy40000gn/T/rust_mozprofileZlbkvD/search.json.mozlz4", (void 0)))
DevTools listening on ws://127.0.0.1:64314/devtools/browser/bf971edd-9bcf-438d-a428-06e1c0930b13
JavaScript error: resource://gre/modules/URIFixup.jsm, line 307: NS_ERROR_FAILURE: Should pass a non-null uri
Exiting due to channel error.
Exiting due to channel error.
[GFX1-]: Receive IPC close with reason=AbnormalShutdown
Exiting due to channel error.
1665758746627	geckodriver	INFO	Listening on 127.0.0.1:64458
1665758746643	mozrunner::runner	INFO	Running command: "/Applications/Firefox.app/Contents/MacOS/firefox-bin" "--marionette" "--remote-debugging-port" "64459" "--remote-allow-hosts" "localhost" "-foreground" "-no-remote" "-profile" "/var/folders/kz/nks8xfkn3xnfpwyxkbwvwxy40000gn/T/rust_mozprofiletKcwsO"
2022-10-14 16:45:47.207 plugin-container[5527:168784] nil host used in call to allowsSpecificHTTPSCertificateForHost
2022-10-14 16:45:47.208 plugin-container[5527:168784] nil host used in call to allowsAnyHTTPSCertificateForHost:
2022-10-14 16:45:47.212 plugin-container[5527:168784] nil host used in call to allowsSpecificHTTPSCertificateForHost
2022-10-14 16:45:47.212 plugin-container[5527:168784] nil host used in call to allowsAnyHTTPSCertificateForHost:
2022-10-14 16:45:47.212 plugin-container[5527:168809] nil host used in call to allowsSpecificHTTPSCertificateForHost
2022-10-14 16:45:47.212 plugin-container[5527:168809] nil host used in call to allowsAnyHTTPSCertificateForHost:
1665758747220	Marionette	INFO	Marionette enabled
1665758747252	Marionette	INFO	Listening on port 64462
Read port: 64462
WebDriver BiDi listening on ws://127.0.0.1:64459
1665758747539	RemoteAgent	WARN	TLS certificate errors will be ignored for this session
console.warn: SearchSettings: "get: No settings file exists, new profile?" (new NotFoundError("Could not open the file at /var/folders/kz/nks8xfkn3xnfpwyxkbwvwxy40000gn/T/rust_mozprofiletKcwsO/search.json.mozlz4", (void 0)))
DevTools listening on ws://127.0.0.1:64459/devtools/browser/4ec5b3a9-ee63-4406-9009-38e606dce237
JavaScript error: resource://gre/modules/URIFixup.jsm, line 307: NS_ERROR_FAILURE: Should pass a non-null uri
Exiting due to channel error.
Exiting due to channel error.
Exiting due to channel error.
1665758777037	geckodriver	INFO	Listening on 127.0.0.1:64597
1665758777047	mozrunner::runner	INFO	Running command: "/Applications/Firefox.app/Contents/MacOS/firefox-bin" "--marionette" "--remote-debugging-port" "64598" "--remote-allow-hosts" "localhost" "-foreground" "-no-remote" "-profile" "/var/folders/kz/nks8xfkn3xnfpwyxkbwvwxy40000gn/T/rust_mozprofileR2ymi4"
2022-10-14 16:46:17.530 plugin-container[5539:169362] nil host used in call to allowsSpecificHTTPSCertificateForHost
2022-10-14 16:46:17.530 plugin-container[5539:169362] nil host used in call to allowsAnyHTTPSCertificateForHost:
2022-10-14 16:46:17.538 plugin-container[5539:169362] nil host used in call to allowsSpecificHTTPSCertificateForHost
2022-10-14 16:46:17.538 plugin-container[5539:169362] nil host used in call to allowsAnyHTTPSCertificateForHost:
2022-10-14 16:46:17.539 plugin-container[5539:169360] nil host used in call to allowsSpecificHTTPSCertificateForHost
2022-10-14 16:46:17.539 plugin-container[5539:169360] nil host used in call to allowsAnyHTTPSCertificateForHost:
1665758777544	Marionette	INFO	Marionette enabled
1665758777578	Marionette	INFO	Listening on port 64601
Read port: 64601
WebDriver BiDi listening on ws://127.0.0.1:64598
1665758777878	RemoteAgent	WARN	TLS certificate errors will be ignored for this session
console.warn: SearchSettings: "get: No settings file exists, new profile?" (new NotFoundError("Could not open the file at /var/folders/kz/nks8xfkn3xnfpwyxkbwvwxy40000gn/T/rust_mozprofileR2ymi4/search.json.mozlz4", (void 0)))
DevTools listening on ws://127.0.0.1:64598/devtools/browser/02ac9699-4d01-497f-bf5b-7203ec5f41fb
JavaScript error: resource://gre/modules/URIFixup.jsm, line 307: NS_ERROR_FAILURE: Should pass a non-null uri
JavaScript error: https://phiture.com/wp-content/plugins/contact-form-7/modules/recaptcha/index.js?ver=5.6.3, line 1: ReferenceError: grecaptcha is not defined
Exiting due to channel error.
Exiting due to channel error.
Exiting due to channel error.
1665758786857	geckodriver	INFO	Listening on 127.0.0.1:64794
1665758786870	mozrunner::runner	INFO	Running command: "/Applications/Firefox.app/Contents/MacOS/firefox-bin" "--marionette" "--remote-debugging-port" "64795" "--remote-allow-hosts" "localhost" "-foreground" "-no-remote" "-profile" "/var/folders/kz/nks8xfkn3xnfpwyxkbwvwxy40000gn/T/rust_mozprofileM2h0Jd"
2022-10-14 16:46:27.320 plugin-container[5549:169695] nil host used in call to allowsSpecificHTTPSCertificateForHost
2022-10-14 16:46:27.320 plugin-container[5549:169695] nil host used in call to allowsAnyHTTPSCertificateForHost:
2022-10-14 16:46:27.324 plugin-container[5549:169695] nil host used in call to allowsSpecificHTTPSCertificateForHost
2022-10-14 16:46:27.324 plugin-container[5549:169695] nil host used in call to allowsAnyHTTPSCertificateForHost:
2022-10-14 16:46:27.325 plugin-container[5549:169719] nil host used in call to allowsSpecificHTTPSCertificateForHost
2022-10-14 16:46:27.325 plugin-container[5549:169719] nil host used in call to allowsAnyHTTPSCertificateForHost:
1665758787334	Marionette	INFO	Marionette enabled
1665758787365	Marionette	INFO	Listening on port 64798
Read port: 64798
WebDriver BiDi listening on ws://127.0.0.1:64795
1665758787648	RemoteAgent	WARN	TLS certificate errors will be ignored for this session
console.warn: SearchSettings: "get: No settings file exists, new profile?" (new NotFoundError("Could not open the file at /var/folders/kz/nks8xfkn3xnfpwyxkbwvwxy40000gn/T/rust_mozprofileM2h0Jd/search.json.mozlz4", (void 0)))
DevTools listening on ws://127.0.0.1:64795/devtools/browser/d2f9b826-dd26-432c-ac7c-4380b27088e7
JavaScript error: resource://gre/modules/URIFixup.jsm, line 307: NS_ERROR_FAILURE: Should pass a non-null uri
Exiting due to channel error.
Exiting due to channel error.
Exiting due to channel error.
1665758814806	geckodriver	INFO	Listening on 127.0.0.1:64938
1665758814817	mozrunner::runner	INFO	Running command: "/Applications/Firefox.app/Contents/MacOS/firefox-bin" "--marionette" "--remote-debugging-port" "64939" "--remote-allow-hosts" "localhost" "-foreground" "-no-remote" "-profile" "/var/folders/kz/nks8xfkn3xnfpwyxkbwvwxy40000gn/T/rust_mozprofileE2isnO"
2022-10-14 16:46:55.343 plugin-container[5561:170237] nil host used in call to allowsSpecificHTTPSCertificateForHost
2022-10-14 16:46:55.343 plugin-container[5561:170237] nil host used in call to allowsAnyHTTPSCertificateForHost:
2022-10-14 16:46:55.349 plugin-container[5561:170237] nil host used in call to allowsSpecificHTTPSCertificateForHost
2022-10-14 16:46:55.349 plugin-container[5561:170237] nil host used in call to allowsAnyHTTPSCertificateForHost:
2022-10-14 16:46:55.349 plugin-container[5561:170235] nil host used in call to allowsSpecificHTTPSCertificateForHost
2022-10-14 16:46:55.349 plugin-container[5561:170235] nil host used in call to allowsAnyHTTPSCertificateForHost:
1665758815356	Marionette	INFO	Marionette enabled
1665758815391	Marionette	INFO	Listening on port 64942
Read port: 64942
WebDriver BiDi listening on ws://127.0.0.1:64939
1665758815686	RemoteAgent	WARN	TLS certificate errors will be ignored for this session
console.warn: SearchSettings: "get: No settings file exists, new profile?" (new NotFoundError("Could not open the file at /var/folders/kz/nks8xfkn3xnfpwyxkbwvwxy40000gn/T/rust_mozprofileE2isnO/search.json.mozlz4", (void 0)))
DevTools listening on ws://127.0.0.1:64939/devtools/browser/407e9269-1f7e-4f90-98e1-8cd2a6c6dca7
JavaScript error: resource://gre/modules/URIFixup.jsm, line 307: NS_ERROR_FAILURE: Should pass a non-null uri
JavaScript error: , line 0: uncaught exception: Object
Exiting due to channel error.
Exiting due to channel error.
[GFX1-]: Receive IPC close with reason=AbnormalShutdown
Exiting due to channel error.
1665759391218	geckodriver	INFO	Listening on 127.0.0.1:65147
1665759391230	mozrunner::runner	INFO	Running command: "/Applications/Firefox.app/Contents/MacOS/firefox-bin" "--marionette" "--remote-debugging-port" "65148" "--remote-allow-hosts" "localhost" "-foreground" "-no-remote" "-profile" "/var/folders/kz/nks8xfkn3xnfpwyxkbwvwxy40000gn/T/rust_mozprofilepuhKKh"
2022-10-14 16:56:31.725 plugin-container[5742:176464] nil host used in call to allowsSpecificHTTPSCertificateForHost
2022-10-14 16:56:31.725 plugin-container[5742:176464] nil host used in call to allowsAnyHTTPSCertificateForHost:
2022-10-14 16:56:31.730 plugin-container[5742:176464] nil host used in call to allowsSpecificHTTPSCertificateForHost
2022-10-14 16:56:31.730 plugin-container[5742:176464] nil host used in call to allowsAnyHTTPSCertificateForHost:
2022-10-14 16:56:31.731 plugin-container[5742:176466] nil host used in call to allowsSpecificHTTPSCertificateForHost
2022-10-14 16:56:31.731 plugin-container[5742:176466] nil host used in call to allowsAnyHTTPSCertificateForHost:
1665759391742	Marionette	INFO	Marionette enabled
1665759391783	Marionette	INFO	Listening on port 65151
Read port: 65151
WebDriver BiDi listening on ws://127.0.0.1:65148
1665759392112	RemoteAgent	WARN	TLS certificate errors will be ignored for this session
console.warn: SearchSettings: "get: No settings file exists, new profile?" (new NotFoundError("Could not open the file at /var/folders/kz/nks8xfkn3xnfpwyxkbwvwxy40000gn/T/rust_mozprofilepuhKKh/search.json.mozlz4", (void 0)))
DevTools listening on ws://127.0.0.1:65148/devtools/browser/c519d255-0057-42db-a914-f4471dba8cf5
JavaScript error: resource://gre/modules/URIFixup.jsm, line 307: NS_ERROR_FAILURE: Should pass a non-null uri
JavaScript error: https://phiture.com/wp-content/plugins/duracelltomi-google-tag-manager/js/gtm4wp-form-move-tracker.js?ver=1.16.1, line 21: ReferenceError: gtm4wp_datalayer_name is not defined
JavaScript error: https://phiture.com/wp-content/plugins/duracelltomi-google-tag-manager/js/gtm4wp-form-move-tracker.js?ver=1.16.1, line 4: ReferenceError: gtm4wp_datalayer_name is not defined
JavaScript error: https://phiture.com/wp-content/plugins/duracelltomi-google-tag-manager/js/gtm4wp-form-move-tracker.js?ver=1.16.1, line 21: ReferenceError: gtm4wp_datalayer_name is not defined
JavaScript error: https://phiture.com/wp-content/plugins/duracelltomi-google-tag-manager/js/gtm4wp-form-move-tracker.js?ver=1.16.1, line 4: ReferenceError: gtm4wp_datalayer_name is not defined
JavaScript error: https://phiture.com/wp-content/plugins/contact-form-7/modules/recaptcha/index.js?ver=5.6.3, line 1: ReferenceError: grecaptcha is not defined
Exiting due to channel error.
Exiting due to channel error.
Exiting due to channel error.
1665759430485	geckodriver	INFO	Listening on 127.0.0.1:65258
1665759430680	mozrunner::runner	INFO	Running command: "/Applications/Firefox.app/Contents/MacOS/firefox-bin" "--marionette" "--remote-debugging-port" "65259" "--remote-allow-hosts" "localhost" "-foreground" "-no-remote" "-profile" "/var/folders/kz/nks8xfkn3xnfpwyxkbwvwxy40000gn/T/rust_mozprofilePWF5K9"
2022-10-14 16:57:11.158 plugin-container[5754:177178] nil host used in call to allowsSpecificHTTPSCertificateForHost
2022-10-14 16:57:11.159 plugin-container[5754:177178] nil host used in call to allowsAnyHTTPSCertificateForHost:
2022-10-14 16:57:11.164 plugin-container[5754:177178] nil host used in call to allowsSpecificHTTPSCertificateForHost
2022-10-14 16:57:11.164 plugin-container[5754:177178] nil host used in call to allowsAnyHTTPSCertificateForHost:
2022-10-14 16:57:11.164 plugin-container[5754:177180] nil host used in call to allowsSpecificHTTPSCertificateForHost
2022-10-14 16:57:11.165 plugin-container[5754:177180] nil host used in call to allowsAnyHTTPSCertificateForHost:
1665759431172	Marionette	INFO	Marionette enabled
1665759431205	Marionette	INFO	Listening on port 65264
Read port: 65264
WebDriver BiDi listening on ws://127.0.0.1:65259
1665759431514	RemoteAgent	WARN	TLS certificate errors will be ignored for this session
console.warn: SearchSettings: "get: No settings file exists, new profile?" (new NotFoundError("Could not open the file at /var/folders/kz/nks8xfkn3xnfpwyxkbwvwxy40000gn/T/rust_mozprofilePWF5K9/search.json.mozlz4", (void 0)))
DevTools listening on ws://127.0.0.1:65259/devtools/browser/c27b6dfb-e638-456c-a0a3-f27881fccc46
JavaScript error: resource://gre/modules/URIFixup.jsm, line 307: NS_ERROR_FAILURE: Should pass a non-null uri
Exiting due to channel error.
Exiting due to channel error.
Exiting due to channel error.
1665759553440	geckodriver	INFO	Listening on 127.0.0.1:49174
1665759553463	mozrunner::runner	INFO	Running command: "/Applications/Firefox.app/Contents/MacOS/firefox-bin" "--marionette" "--remote-debugging-port" "49175" "--remote-allow-hosts" "localhost" "-foreground" "-no-remote" "-profile" "/var/folders/kz/nks8xfkn3xnfpwyxkbwvwxy40000gn/T/rust_mozprofilehUQF0B"
2022-10-14 16:59:13.952 plugin-container[5785:178532] nil host used in call to allowsSpecificHTTPSCertificateForHost
2022-10-14 16:59:13.953 plugin-container[5785:178532] nil host used in call to allowsAnyHTTPSCertificateForHost:
2022-10-14 16:59:13.956 plugin-container[5785:178532] nil host used in call to allowsSpecificHTTPSCertificateForHost
2022-10-14 16:59:13.956 plugin-container[5785:178532] nil host used in call to allowsAnyHTTPSCertificateForHost:
2022-10-14 16:59:13.957 plugin-container[5785:178530] nil host used in call to allowsSpecificHTTPSCertificateForHost
2022-10-14 16:59:13.957 plugin-container[5785:178530] nil host used in call to allowsAnyHTTPSCertificateForHost:
1665759553967	Marionette	INFO	Marionette enabled
1665759553998	Marionette	INFO	Listening on port 49178
Read port: 49178
WebDriver BiDi listening on ws://127.0.0.1:49175
1665759554304	RemoteAgent	WARN	TLS certificate errors will be ignored for this session
console.warn: SearchSettings: "get: No settings file exists, new profile?" (new NotFoundError("Could not open the file at /var/folders/kz/nks8xfkn3xnfpwyxkbwvwxy40000gn/T/rust_mozprofilehUQF0B/search.json.mozlz4", (void 0)))
DevTools listening on ws://127.0.0.1:49175/devtools/browser/f7b2d18c-5f85-4b8b-9681-261478037886
JavaScript error: resource://gre/modules/URIFixup.jsm, line 307: NS_ERROR_FAILURE: Should pass a non-null uri
2022-10-14 16:59:52.470 firefox-bin[5783:178456] TSM AdjustCapsLockLEDForKeyTransitionHandling - _ISSetPhysicalKeyboardCapsLockLED Inhibit
Exiting due to channel error.
[GFX1-]: Receive IPC close with reason=AbnormalShutdown
Exiting due to channel error.
Exiting due to channel error.
1665759675338	geckodriver	INFO	Listening on 127.0.0.1:49502
1665759675350	mozrunner::runner	INFO	Running command: "/Applications/Firefox.app/Contents/MacOS/firefox-bin" "--marionette" "--remote-debugging-port" "49503" "--remote-allow-hosts" "localhost" "-foreground" "-no-remote" "-profile" "/var/folders/kz/nks8xfkn3xnfpwyxkbwvwxy40000gn/T/rust_mozprofile11LtJ6"
2022-10-14 17:01:15.798 plugin-container[5806:179955] nil host used in call to allowsSpecificHTTPSCertificateForHost
2022-10-14 17:01:15.799 plugin-container[5806:179955] nil host used in call to allowsAnyHTTPSCertificateForHost:
2022-10-14 17:01:15.803 plugin-container[5806:179955] nil host used in call to allowsSpecificHTTPSCertificateForHost
2022-10-14 17:01:15.803 plugin-container[5806:179955] nil host used in call to allowsAnyHTTPSCertificateForHost:
2022-10-14 17:01:15.803 plugin-container[5806:179973] nil host used in call to allowsSpecificHTTPSCertificateForHost
2022-10-14 17:01:15.803 plugin-container[5806:179973] nil host used in call to allowsAnyHTTPSCertificateForHost:
1665759675812	Marionette	INFO	Marionette enabled
1665759675844	Marionette	INFO	Listening on port 49506
Read port: 49506
WebDriver BiDi listening on ws://127.0.0.1:49503
1665759676148	RemoteAgent	WARN	TLS certificate errors will be ignored for this session
console.warn: SearchSettings: "get: No settings file exists, new profile?" (new NotFoundError("Could not open the file at /var/folders/kz/nks8xfkn3xnfpwyxkbwvwxy40000gn/T/rust_mozprofile11LtJ6/search.json.mozlz4", (void 0)))
DevTools listening on ws://127.0.0.1:49503/devtools/browser/42edff4f-a9bb-4751-a5f1-b69d78070f59
JavaScript error: resource://gre/modules/URIFixup.jsm, line 307: NS_ERROR_FAILURE: Should pass a non-null uri
JavaScript error: https://phiture.com/wp-content/plugins/contact-form-7/modules/recaptcha/index.js?ver=5.6.3, line 1: ReferenceError: grecaptcha is not defined
Exiting due to channel error.
Exiting due to channel error.
Exiting due to channel error.
1665759686016	geckodriver	INFO	Listening on 127.0.0.1:49736
1665759686029	mozrunner::runner	INFO	Running command: "/Applications/Firefox.app/Contents/MacOS/firefox-bin" "--marionette" "--remote-debugging-port" "49737" "--remote-allow-hosts" "localhost" "-foreground" "-no-remote" "-profile" "/var/folders/kz/nks8xfkn3xnfpwyxkbwvwxy40000gn/T/rust_mozprofileacA2gq"
2022-10-14 17:01:26.488 plugin-container[5815:180325] nil host used in call to allowsSpecificHTTPSCertificateForHost
2022-10-14 17:01:26.488 plugin-container[5815:180325] nil host used in call to allowsAnyHTTPSCertificateForHost:
2022-10-14 17:01:26.493 plugin-container[5815:180325] nil host used in call to allowsSpecificHTTPSCertificateForHost
2022-10-14 17:01:26.493 plugin-container[5815:180325] nil host used in call to allowsAnyHTTPSCertificateForHost:
2022-10-14 17:01:26.494 plugin-container[5815:180347] nil host used in call to allowsSpecificHTTPSCertificateForHost
2022-10-14 17:01:26.494 plugin-container[5815:180347] nil host used in call to allowsAnyHTTPSCertificateForHost:
1665759686504	Marionette	INFO	Marionette enabled
1665759686538	Marionette	INFO	Listening on port 49740
Read port: 49740
WebDriver BiDi listening on ws://127.0.0.1:49737
1665759686887	RemoteAgent	WARN	TLS certificate errors will be ignored for this session
console.warn: SearchSettings: "get: No settings file exists, new profile?" (new NotFoundError("Could not open the file at /var/folders/kz/nks8xfkn3xnfpwyxkbwvwxy40000gn/T/rust_mozprofileacA2gq/search.json.mozlz4", (void 0)))
DevTools listening on ws://127.0.0.1:49737/devtools/browser/6d8f518d-ee1c-45b9-823b-3f8b11cf4169
JavaScript error: resource://gre/modules/URIFixup.jsm, line 307: NS_ERROR_FAILURE: Should pass a non-null uri
JavaScript error: https://phiture.com/wp-content/plugins/contact-form-7/modules/recaptcha/index.js?ver=5.6.3, line 1: ReferenceError: grecaptcha is not defined
Exiting due to channel error.
Exiting due to channel error.
Exiting due to channel error.
1665759709115	geckodriver	INFO	Listening on 127.0.0.1:50311
1665759709127	mozrunner::runner	INFO	Running command: "/Applications/Firefox.app/Contents/MacOS/firefox-bin" "--marionette" "--remote-debugging-port" "50312" "--remote-allow-hosts" "localhost" "-foreground" "-no-remote" "-profile" "/var/folders/kz/nks8xfkn3xnfpwyxkbwvwxy40000gn/T/rust_mozprofile2Skl5Q"
2022-10-14 17:01:49.581 plugin-container[5825:180762] nil host used in call to allowsSpecificHTTPSCertificateForHost
2022-10-14 17:01:49.582 plugin-container[5825:180762] nil host used in call to allowsAnyHTTPSCertificateForHost:
2022-10-14 17:01:49.585 plugin-container[5825:180762] nil host used in call to allowsSpecificHTTPSCertificateForHost
2022-10-14 17:01:49.585 plugin-container[5825:180762] nil host used in call to allowsAnyHTTPSCertificateForHost:
2022-10-14 17:01:49.586 plugin-container[5825:180760] nil host used in call to allowsSpecificHTTPSCertificateForHost
2022-10-14 17:01:49.586 plugin-container[5825:180760] nil host used in call to allowsAnyHTTPSCertificateForHost:
1665759709595	Marionette	INFO	Marionette enabled
1665759709627	Marionette	INFO	Listening on port 50315
Read port: 50315
WebDriver BiDi listening on ws://127.0.0.1:50312
1665759709923	RemoteAgent	WARN	TLS certificate errors will be ignored for this session
console.warn: SearchSettings: "get: No settings file exists, new profile?" (new NotFoundError("Could not open the file at /var/folders/kz/nks8xfkn3xnfpwyxkbwvwxy40000gn/T/rust_mozprofile2Skl5Q/search.json.mozlz4", (void 0)))
DevTools listening on ws://127.0.0.1:50312/devtools/browser/3776ffc0-1b2a-4dea-8afa-3e72080a8836
JavaScript error: resource://gre/modules/URIFixup.jsm, line 307: NS_ERROR_FAILURE: Should pass a non-null uri
JavaScript error: https://phiture.com/wp-content/plugins/contact-form-7/modules/recaptcha/index.js?ver=5.6.3, line 1: ReferenceError: grecaptcha is not defined
Exiting due to channel error.
Exiting due to channel error.
Exiting due to channel error.
1665759812138	geckodriver	INFO	Listening on 127.0.0.1:51155
1665759812152	mozrunner::runner	INFO	Running command: "/Applications/Firefox.app/Contents/MacOS/firefox-bin" "--marionette" "--remote-debugging-port" "51156" "--remote-allow-hosts" "localhost" "-foreground" "-no-remote" "-profile" "/var/folders/kz/nks8xfkn3xnfpwyxkbwvwxy40000gn/T/rust_mozprofilexBytht"
2022-10-14 17:03:32.612 plugin-container[5847:181896] nil host used in call to allowsSpecificHTTPSCertificateForHost
2022-10-14 17:03:32.612 plugin-container[5847:181896] nil host used in call to allowsAnyHTTPSCertificateForHost:
2022-10-14 17:03:32.616 plugin-container[5847:181896] nil host used in call to allowsSpecificHTTPSCertificateForHost
2022-10-14 17:03:32.616 plugin-container[5847:181896] nil host used in call to allowsAnyHTTPSCertificateForHost:
2022-10-14 17:03:32.616 plugin-container[5847:181918] nil host used in call to allowsSpecificHTTPSCertificateForHost
2022-10-14 17:03:32.616 plugin-container[5847:181918] nil host used in call to allowsAnyHTTPSCertificateForHost:
1665759812625	Marionette	INFO	Marionette enabled
1665759812658	Marionette	INFO	Listening on port 51159
Read port: 51159
WebDriver BiDi listening on ws://127.0.0.1:51156
1665759812962	RemoteAgent	WARN	TLS certificate errors will be ignored for this session
console.warn: SearchSettings: "get: No settings file exists, new profile?" (new NotFoundError("Could not open the file at /var/folders/kz/nks8xfkn3xnfpwyxkbwvwxy40000gn/T/rust_mozprofilexBytht/search.json.mozlz4", (void 0)))
DevTools listening on ws://127.0.0.1:51156/devtools/browser/abd8dd55-0d37-41d5-acb6-858cdb07dcbd
JavaScript error: resource://gre/modules/URIFixup.jsm, line 307: NS_ERROR_FAILURE: Should pass a non-null uri
Exiting due to channel error.
[GFX1-]: Receive IPC close with reason=AbnormalShutdown
Exiting due to channel error.
Exiting due to channel error.
1665759917795	geckodriver	INFO	Listening on 127.0.0.1:51303
1665759917805	mozrunner::runner	INFO	Running command: "/Applications/Firefox.app/Contents/MacOS/firefox-bin" "--marionette" "--remote-debugging-port" "51304" "--remote-allow-hosts" "localhost" "-foreground" "-no-remote" "-profile" "/var/folders/kz/nks8xfkn3xnfpwyxkbwvwxy40000gn/T/rust_mozprofilec5AI72"
2022-10-14 17:05:18.254 plugin-container[5866:183034] nil host used in call to allowsSpecificHTTPSCertificateForHost
2022-10-14 17:05:18.254 plugin-container[5866:183034] nil host used in call to allowsAnyHTTPSCertificateForHost:
2022-10-14 17:05:18.258 plugin-container[5866:183034] nil host used in call to allowsSpecificHTTPSCertificateForHost
2022-10-14 17:05:18.258 plugin-container[5866:183034] nil host used in call to allowsAnyHTTPSCertificateForHost:
2022-10-14 17:05:18.258 plugin-container[5866:183032] nil host used in call to allowsSpecificHTTPSCertificateForHost
2022-10-14 17:05:18.258 plugin-container[5866:183032] nil host used in call to allowsAnyHTTPSCertificateForHost:
1665759918269	Marionette	INFO	Marionette enabled
1665759918300	Marionette	INFO	Listening on port 51307
Read port: 51307
WebDriver BiDi listening on ws://127.0.0.1:51304
1665759918612	RemoteAgent	WARN	TLS certificate errors will be ignored for this session
console.warn: SearchSettings: "get: No settings file exists, new profile?" (new NotFoundError("Could not open the file at /var/folders/kz/nks8xfkn3xnfpwyxkbwvwxy40000gn/T/rust_mozprofilec5AI72/search.json.mozlz4", (void 0)))
DevTools listening on ws://127.0.0.1:51304/devtools/browser/2fcaa2e8-07c5-492e-91c2-708a22706d74
JavaScript error: resource://gre/modules/URIFixup.jsm, line 307: NS_ERROR_FAILURE: Should pass a non-null uri
Exiting due to channel error.
Exiting due to channel error.
[GFX1-]: Receive IPC close with reason=AbnormalShutdown
Exiting due to channel error.
1665760067208	geckodriver	INFO	Listening on 127.0.0.1:51493
1665760067220	mozrunner::runner	INFO	Running command: "/Applications/Firefox.app/Contents/MacOS/firefox-bin" "--marionette" "--remote-debugging-port" "51494" "--remote-allow-hosts" "localhost" "-foreground" "-no-remote" "-profile" "/var/folders/kz/nks8xfkn3xnfpwyxkbwvwxy40000gn/T/rust_mozprofileMlgEW1"
2022-10-14 17:07:47.668 plugin-container[5901:184574] nil host used in call to allowsSpecificHTTPSCertificateForHost
2022-10-14 17:07:47.669 plugin-container[5901:184574] nil host used in call to allowsAnyHTTPSCertificateForHost:
2022-10-14 17:07:47.676 plugin-container[5901:184574] nil host used in call to allowsSpecificHTTPSCertificateForHost
2022-10-14 17:07:47.676 plugin-container[5901:184574] nil host used in call to allowsAnyHTTPSCertificateForHost:
2022-10-14 17:07:47.676 plugin-container[5901:184572] nil host used in call to allowsSpecificHTTPSCertificateForHost
2022-10-14 17:07:47.676 plugin-container[5901:184572] nil host used in call to allowsAnyHTTPSCertificateForHost:
1665760067689	Marionette	INFO	Marionette enabled
1665760067723	Marionette	INFO	Listening on port 51497
Read port: 51497
WebDriver BiDi listening on ws://127.0.0.1:51494
1665760068020	RemoteAgent	WARN	TLS certificate errors will be ignored for this session
console.warn: SearchSettings: "get: No settings file exists, new profile?" (new NotFoundError("Could not open the file at /var/folders/kz/nks8xfkn3xnfpwyxkbwvwxy40000gn/T/rust_mozprofileMlgEW1/search.json.mozlz4", (void 0)))
DevTools listening on ws://127.0.0.1:51494/devtools/browser/1904fcc2-721b-4073-9fca-c85b2b8cec4f
JavaScript error: resource://gre/modules/URIFixup.jsm, line 307: NS_ERROR_FAILURE: Should pass a non-null uri
Exiting due to channel error.
Exiting due to channel error.
Exiting due to channel error.
1665760088933	geckodriver	INFO	Listening on 127.0.0.1:51636
1665760088944	mozrunner::runner	INFO	Running command: "/Applications/Firefox.app/Contents/MacOS/firefox-bin" "--marionette" "--remote-debugging-port" "51637" "--remote-allow-hosts" "localhost" "-foreground" "-no-remote" "-profile" "/var/folders/kz/nks8xfkn3xnfpwyxkbwvwxy40000gn/T/rust_mozprofilepsA0yS"
2022-10-14 17:08:09.415 plugin-container[5914:185032] nil host used in call to allowsSpecificHTTPSCertificateForHost
2022-10-14 17:08:09.416 plugin-container[5914:185032] nil host used in call to allowsAnyHTTPSCertificateForHost:
2022-10-14 17:08:09.420 plugin-container[5914:185032] nil host used in call to allowsSpecificHTTPSCertificateForHost
2022-10-14 17:08:09.420 plugin-container[5914:185032] nil host used in call to allowsAnyHTTPSCertificateForHost:
2022-10-14 17:08:09.421 plugin-container[5914:185030] nil host used in call to allowsSpecificHTTPSCertificateForHost
2022-10-14 17:08:09.421 plugin-container[5914:185030] nil host used in call to allowsAnyHTTPSCertificateForHost:
1665760089430	Marionette	INFO	Marionette enabled
1665760089462	Marionette	INFO	Listening on port 51640
Read port: 51640
WebDriver BiDi listening on ws://127.0.0.1:51637
1665760089794	RemoteAgent	WARN	TLS certificate errors will be ignored for this session
console.warn: SearchSettings: "get: No settings file exists, new profile?" (new NotFoundError("Could not open the file at /var/folders/kz/nks8xfkn3xnfpwyxkbwvwxy40000gn/T/rust_mozprofilepsA0yS/search.json.mozlz4", (void 0)))
DevTools listening on ws://127.0.0.1:51637/devtools/browser/96ce4deb-df46-42e4-82c0-67294184bbb9
JavaScript error: resource://gre/modules/URIFixup.jsm, line 307: NS_ERROR_FAILURE: Should pass a non-null uri
Exiting due to channel error.
Exiting due to channel error.
Exiting due to channel error.
1665760111724	geckodriver	INFO	Listening on 127.0.0.1:51842
1665760111736	mozrunner::runner	INFO	Running command: "/Applications/Firefox.app/Contents/MacOS/firefox-bin" "--marionette" "--remote-debugging-port" "51843" "--remote-allow-hosts" "localhost" "-foreground" "-no-remote" "-profile" "/var/folders/kz/nks8xfkn3xnfpwyxkbwvwxy40000gn/T/rust_mozprofileRFasVN"
2022-10-14 17:08:32.597 plugin-container[5924:185528] nil host used in call to allowsSpecificHTTPSCertificateForHost
2022-10-14 17:08:32.597 plugin-container[5924:185528] nil host used in call to allowsAnyHTTPSCertificateForHost:
2022-10-14 17:08:32.605 plugin-container[5924:185528] nil host used in call to allowsSpecificHTTPSCertificateForHost
2022-10-14 17:08:32.605 plugin-container[5924:185528] nil host used in call to allowsAnyHTTPSCertificateForHost:
2022-10-14 17:08:32.605 plugin-container[5924:185526] nil host used in call to allowsSpecificHTTPSCertificateForHost
2022-10-14 17:08:32.605 plugin-container[5924:185526] nil host used in call to allowsAnyHTTPSCertificateForHost:
1665760112606	Marionette	INFO	Marionette enabled
1665760112645	Marionette	INFO	Listening on port 51846
Read port: 51846
WebDriver BiDi listening on ws://127.0.0.1:51843
1665760113001	RemoteAgent	WARN	TLS certificate errors will be ignored for this session
console.warn: SearchSettings: "get: No settings file exists, new profile?" (new NotFoundError("Could not open the file at /var/folders/kz/nks8xfkn3xnfpwyxkbwvwxy40000gn/T/rust_mozprofileRFasVN/search.json.mozlz4", (void 0)))
DevTools listening on ws://127.0.0.1:51843/devtools/browser/09eb4d30-3080-4f34-8954-63b6d5a61cda
JavaScript error: resource://gre/modules/URIFixup.jsm, line 307: NS_ERROR_FAILURE: Should pass a non-null uri
JavaScript error: , line 0: uncaught exception: Object
Exiting due to channel error.
Exiting due to channel error.
Exiting due to channel error.
1666001464605	geckodriver	INFO	Listening on 127.0.0.1:50823
1666001464849	mozrunner::runner	INFO	Running command: "/Applications/Firefox.app/Contents/MacOS/firefox-bin" "--marionette" "--remote-debugging-port" "50824" "--remote-allow-hosts" "localhost" "-foreground" "-no-remote" "-profile" "/var/folders/kz/nks8xfkn3xnfpwyxkbwvwxy40000gn/T/rust_mozprofileuUnP9m"
2022-10-17 12:11:05.767 plugin-container[2893:63734] nil host used in call to allowsSpecificHTTPSCertificateForHost
2022-10-17 12:11:05.767 plugin-container[2893:63734] nil host used in call to allowsAnyHTTPSCertificateForHost:
2022-10-17 12:11:05.778 plugin-container[2893:63734] nil host used in call to allowsSpecificHTTPSCertificateForHost
2022-10-17 12:11:05.778 plugin-container[2893:63734] nil host used in call to allowsAnyHTTPSCertificateForHost:
2022-10-17 12:11:05.779 plugin-container[2893:63741] nil host used in call to allowsSpecificHTTPSCertificateForHost
2022-10-17 12:11:05.779 plugin-container[2893:63741] nil host used in call to allowsAnyHTTPSCertificateForHost:
1666001465806	Marionette	INFO	Marionette enabled
1666001465844	Marionette	INFO	Listening on port 50834
Read port: 50834
WebDriver BiDi listening on ws://127.0.0.1:50824
1666001466032	RemoteAgent	WARN	TLS certificate errors will be ignored for this session
console.warn: SearchSettings: "get: No settings file exists, new profile?" (new NotFoundError("Could not open the file at /var/folders/kz/nks8xfkn3xnfpwyxkbwvwxy40000gn/T/rust_mozprofileuUnP9m/search.json.mozlz4", (void 0)))
DevTools listening on ws://127.0.0.1:50824/devtools/browser/463bd1dd-b424-47e5-9fc3-c7a71bd81a62
JavaScript error: resource://gre/modules/URIFixup.jsm, line 307: NS_ERROR_FAILURE: Should pass a non-null uri
JavaScript error: , line 0: uncaught exception: Object
JavaScript error: , line 0: uncaught exception: Object
Exiting due to channel error.
Exiting due to channel error.
Exiting due to channel error.
